Arguments: 
  /Users/joel/.nvm/versions/node/v8.11.1/bin/node /usr/local/Cellar/yarn/1.9.4/libexec/bin/yarn.js add sass-extract

PATH: 
  /Users/joel/.nvm/versions/node/v8.11.1/bin:/usr/local/bin:/usr/bin:/bin:/usr/sbin:/sbin

Yarn version: 
  1.9.4

Node version: 
  8.11.1

Platform: 
  darwin x64

Trace: 
  SyntaxError: /Volumes/StorageRoom-1/Documents/Joel/dev/sass-extract-test/package.json: Unexpected end of JSON input
      at JSON.parse (<anonymous>)
      at /usr/local/Cellar/yarn/1.9.4/libexec/lib/cli.js:1130:59
      at Generator.next (<anonymous>)
      at step (/usr/local/Cellar/yarn/1.9.4/libexec/lib/cli.js:92:30)
      at /usr/local/Cellar/yarn/1.9.4/libexec/lib/cli.js:103:13
      at <anonymous>

npm manifest: 
  

yarn manifest: 
  No manifest

Lockfile: 
  # THIS IS AN AUTOGENERATED FILE. DO NOT EDIT THIS FILE DIRECTLY.
  # yarn lockfile v1
